<?xml version="1.0" encoding="UTF-8"?>
<testsuite name="TestSuite" time="13.324" tests="9" errors="0" skipped="1" failures="3">
  <properties>
[...]
</properties>
  <testcase name="DemoScreenerTest" classname="com.core.ddf.Indee.testcases.DemoScreener" time="13.324"/>
  <testcase name="DemoScreenerTest" classname="com.core.ddf.Indee.testcases.DemoScreener" time="14.239"/>
  <testcase name="DemoScreenerTest" classname="com.core.ddf.Indee.testcases.DemoScreener" time="18.847"/>
  <testcase name="DemoScreenerTest" classname="com.core.ddf.Indee.testcases.DemoScreener" time="11.153">
    <failure message="views count does not exist" type="java.lang.AssertionError">java.lang.AssertionError: views count does not exist
	at org.testng.Assert.fail(Assert.java:94)
	at com.core.ddf.Indee.base.BaseTest.reportFailure(BaseTest.java:168)
	at com.core.ddf.Indee.base.BaseTest.demoScreener(BaseTest.java:233)
	at com.core.ddf.Indee.testcases.DemoScreener.DemoScreenerTest(DemoScreener.java:37)
</failure>
    <system-out><![CDATA[https://preproduction.indee.tv/
username=ank@gmail.com
]]></system-out>
  </testcase>
  <testcase name="DemoScreenerTest" classname="com.core.ddf.Indee.testcases.DemoScreener" time="9.315">
    <failure message="PerishesIn does not exist" type="java.lang.AssertionError">java.lang.AssertionError: PerishesIn does not exist
	at org.testng.Assert.fail(Assert.java:94)
	at com.core.ddf.Indee.base.BaseTest.reportFailure(BaseTest.java:168)
	at com.core.ddf.Indee.base.BaseTest.demoScreener(BaseTest.java:248)
	at com.core.ddf.Indee.testcases.DemoScreener.DemoScreenerTest(DemoScreener.java:37)
</failure>
    <system-out><![CDATA[https://preproduction.indee.tv/
username=
]]></system-out>
  </testcase>
  <testcase name="DemoScreenerTest" classname="com.core.ddf.Indee.testcases.DemoScreener" time="9.996">
    <failure message="PerishesIn does not exist" type="java.lang.AssertionError">java.lang.AssertionError: PerishesIn does not exist
	at org.testng.Assert.fail(Assert.java:94)
	at com.core.ddf.Indee.base.BaseTest.reportFailure(BaseTest.java:168)
	at com.core.ddf.Indee.base.BaseTest.demoScreener(BaseTest.java:248)
	at com.core.ddf.Indee.testcases.DemoScreener.DemoScreenerTest(DemoScreener.java:37)
</failure>
    <system-out><![CDATA[https://preproduction.indee.tv/
username=
]]></system-out>
  </testcase>
  <testcase name="DemoScreenerTest" classname="com.core.ddf.Indee.testcases.DemoScreener" time="14.366"/>
  <testcase name="DemoScreenerTest" classname="com.core.ddf.Indee.testcases.DemoScreener" time="13.74"/>
  <testcase name="DemoScreenerTest" classname="com.core.ddf.Indee.testcases.DemoScreener" time="0">
    <skipped/>
  </testcase>
</testsuite>