<?xml version="1.0" encoding="UTF-8"?>
<!-- Generated by org.testng.reporters.JUnitXMLReporter -->
<testsuite hostname="Ankur" name="DemoScreenerTest" tests="9" failures="3" timestamp="5 Mar 2017 13:31:11 GMT" time="105.945" errors="0">
  <testcase name="DemoScreenerTest" time="12.823" classname="com.core.ddf.Indee.testcases.DemoScreener"/>
  <testcase name="DemoScreenerTest" time="11.787" classname="com.core.ddf.Indee.testcases.DemoScreener"/>
  <testcase name="DemoScreenerTest" time="11.029" classname="com.core.ddf.Indee.testcases.DemoScreener"/>
  <testcase name="DemoScreenerTest" time="8.551" classname="com.core.ddf.Indee.testcases.DemoScreener">
    <failure type="java.lang.AssertionError" message="views count does not exist">
      <![CDATA[java.lang.AssertionError: views count does not exist
	at com.core.ddf.Indee.base.BaseTest.reportFailure(BaseTest.java:168)
	at com.core.ddf.Indee.base.BaseTest.demoScreener(BaseTest.java:233)
	at com.core.ddf.Indee.testcases.DemoScreener.DemoScreenerTest(DemoScreener.java:37)
... Removed 25 stack frames]]>
    </failure>
  </testcase> <!-- DemoScreenerTest -->
  <testcase name="DemoScreenerTest" time="11.061" classname="com.core.ddf.Indee.testcases.DemoScreener">
    <failure type="java.lang.AssertionError" message="PerishesIn does not exist">
      <![CDATA[java.lang.AssertionError: PerishesIn does not exist
	at com.core.ddf.Indee.base.BaseTest.reportFailure(BaseTest.java:168)
	at com.core.ddf.Indee.base.BaseTest.demoScreener(BaseTest.java:248)
	at com.core.ddf.Indee.testcases.DemoScreener.DemoScreenerTest(DemoScreener.java:37)
... Removed 25 stack frames]]>
    </failure>
  </testcase> <!-- DemoScreenerTest -->
  <testcase name="DemoScreenerTest" time="18.888" classname="com.core.ddf.Indee.testcases.DemoScreener">
    <failure type="java.lang.AssertionError" message="PerishesIn does not exist">
      <![CDATA[java.lang.AssertionError: PerishesIn does not exist
	at com.core.ddf.Indee.base.BaseTest.reportFailure(BaseTest.java:168)
	at com.core.ddf.Indee.base.BaseTest.demoScreener(BaseTest.java:248)
	at com.core.ddf.Indee.testcases.DemoScreener.DemoScreenerTest(DemoScreener.java:37)
... Removed 25 stack frames]]>
    </failure>
  </testcase> <!-- DemoScreenerTest -->
  <testcase name="DemoScreenerTest" time="10.43" classname="com.core.ddf.Indee.testcases.DemoScreener"/>
  <testcase name="DemoScreenerTest" time="16.64" classname="com.core.ddf.Indee.testcases.DemoScreener"/>
  <testcase name="DemoScreenerTest" time="0.001" classname="com.core.ddf.Indee.testcases.DemoScreener">
    <skipped/>
  </testcase> <!-- DemoScreenerTest -->
</testsuite> <!-- DemoScreenerTest -->
